<?xml version="1.0" encoding="UTF-8"?>
<!-- Generated by org.testng.reporters.JUnitXMLReporter -->
<testsuite hostname="StephLaptop" failures="0" tests="3" name="Default test" time="1.931" errors="0" timestamp="20 Aug 2024 11:13:57 GMT">
  <testcase classname="assessment.NewLibraryTest" name="testFooterPresence" time="0.129"/>
  <testcase classname="assessment.NewLibraryTest" name="testNavbarLinks" time="0.089"/>
  <testcase classname="assessment.NewLibraryTest" name="testTableContent" time="0.558"/>
</testsuite> <!-- Default test -->
