<?xml version="1.0" encoding="UTF-8"?>
<testng-results total="3" passed="3" failed="0" skipped="0">
  <reporter-output>
  </reporter-output>
  <suite started-at="2024-08-20T11:13:55Z" name="Default suite" finished-at="2024-08-20T11:13:57Z" duration-ms="1931">
    <groups>
    </groups>
    <test started-at="2024-08-20T11:13:55Z" name="Default test" finished-at="2024-08-20T11:13:57Z" duration-ms="1931">
      <class name="assessment.NewLibraryTest">
        <test-method is-config="true" signature="setUp()[pri:0, instance:assessment.NewLibraryTest@225129c]" started-at="2024-08-20T19:13:55Z" name="setUp" finished-at="2024-08-20T19:13:56Z" duration-ms="1058" status="PASS">
          <reporter-output>
          </reporter-output>
        </test-method> <!-- setUp -->
        <test-method signature="testFooterPresence()[pri:0, instance:assessment.NewLibraryTest@225129c]" started-at="2024-08-20T19:13:56Z" name="testFooterPresence" finished-at="2024-08-20T19:13:56Z" duration-ms="129" status="PASS">
          <reporter-output>
          </reporter-output>
        </test-method> <!-- testFooterPresence -->
        <test-method signature="testNavbarLinks()[pri:0, instance:assessment.NewLibraryTest@225129c]" started-at="2024-08-20T19:13:56Z" name="testNavbarLinks" finished-at="2024-08-20T19:13:56Z" duration-ms="89" status="PASS">
          <reporter-output>
          </reporter-output>
        </test-method> <!-- testNavbarLinks -->
        <test-method signature="testTableContent()[pri:0, instance:assessment.NewLibraryTest@225129c]" started-at="2024-08-20T19:13:56Z" name="testTableContent" finished-at="2024-08-20T19:13:57Z" duration-ms="558" status="PASS">
          <reporter-output>
          </reporter-output>
        </test-method> <!-- testTableContent -->
        <test-method is-config="true" signature="tearDown()[pri:0, instance:assessment.NewLibraryTest@225129c]" started-at="2024-08-20T19:13:57Z" name="tearDown" finished-at="2024-08-20T19:13:57Z" duration-ms="88" status="PASS">
          <reporter-output>
          </reporter-output>
        </test-method> <!-- tearDown -->
      </class> <!-- assessment.NewLibraryTest -->
    </test> <!-- Default test -->
  </suite> <!-- Default suite -->
</testng-results>
